TN:
SF:/home/alan/ap-devices-and-pcs/devices/setup-usb-boot-keys/Ventoy/run_rescuezilla_backup_cli.sh
DA:7,1
DA:10,1
DA:11,1
DA:12,1
DA:13,1
DA:14,1
DA:15,1
DA:16,1
DA:23,0
DA:24,0
DA:25,0
DA:26,0
DA:27,0
DA:28,0
DA:29,0
DA:30,0
DA:31,0
DA:32,0
DA:33,0
DA:34,0
DA:35,0
DA:36,0
DA:37,0
DA:38,0
DA:39,0
DA:40,0
DA:41,0
DA:42,0
DA:45,0
DA:46,1
DA:47,1
DA:48,1
DA:49,1
DA:50,1
DA:51,1
DA:52,1
DA:53,1
DA:54,1
DA:55,0
DA:56,0
DA:57,0
DA:58,1
DA:59,1
DA:60,1
DA:61,0
DA:62,0
DA:63,0
DA:64,0
DA:65,0
DA:67,1
DA:68,1
DA:69,1
DA:70,1
DA:73,1
DA:74,1
DA:75,1
DA:76,0
DA:77,0
DA:78,0
DA:80,1
DA:81,1
DA:82,1
DA:83,1
DA:84,1
DA:86,1
DA:87,0
DA:88,0
DA:89,0
DA:90,0
DA:91,0
DA:92,0
DA:93,0
DA:95,1
DA:96,0
DA:97,0
DA:99,1
DA:100,0
DA:101,0
DA:102,0
DA:104,1
DA:105,1
DA:108,1
DA:109,1
DA:110,1
DA:112,1
DA:113,0
DA:114,0
DA:115,0
DA:116,0
DA:118,1
DA:119,0
DA:122,1
DA:123,1
DA:124,1
DA:125,0
DA:126,0
DA:127,0
DA:128,0
DA:131,1
DA:132,1
DA:134,1
DA:135,1
DA:136,1
DA:137,1
DA:138,0
DA:139,1
DA:141,1
DA:142,0
DA:143,0
DA:144,0
DA:146,1
DA:147,1
DA:148,1
DA:149,1
DA:150,1
DA:151,1
DA:152,1
DA:153,1
DA:154,0
DA:156,1
DA:157,1
DA:160,1
DA:161,1
DA:162,0
DA:163,1
DA:164,1
DA:165,0
DA:166,0
DA:167,0
DA:170,1
DA:171,1
DA:173,1
DA:174,1
DA:175,0
DA:176,0
DA:177,0
DA:178,1
DA:180,1
DA:181,1
DA:182,0
DA:183,0
DA:184,0
DA:185,0
DA:186,0
DA:187,0
DA:188,0
DA:189,0
DA:190,0
DA:191,0
DA:192,0
DA:193,0
DA:194,0
DA:195,0
DA:196,0
DA:197,0
DA:198,0
DA:199,0
DA:200,0
DA:201,1
DA:202,1
DA:203,0
DA:205,1
DA:206,0
DA:207,1
DA:208,0
DA:209,0
DA:210,0
DA:211,0
DA:212,0
DA:213,0
DA:214,0
DA:215,0
DA:216,0
DA:217,0
DA:218,0
DA:219,0
DA:220,0
DA:221,0
DA:222,0
DA:223,0
DA:224,0
DA:227,0
DA:228,0
DA:229,0
DA:231,0
DA:232,0
DA:233,0
DA:234,0
DA:235,0
DA:236,0
DA:237,0
DA:238,0
DA:239,0
DA:240,0
DA:241,0
DA:242,0
DA:243,0
DA:245,0
DA:247,0
DA:248,0
DA:249,0
DA:250,0
DA:251,0
DA:252,0
DA:253,0
DA:254,0
DA:255,0
DA:258,1
DA:259,1
DA:260,0
DA:261,0
DA:262,0
DA:264,1
DA:265,1
DA:267,1
DA:268,1
DA:269,1
DA:270,1
DA:271,1
DA:272,1
DA:273,1
DA:276,1
DA:277,1
DA:278,1
DA:279,1
DA:280,1
DA:283,1
DA:284,1
DA:285,1
DA:286,1
DA:287,1
DA:288,0
DA:289,0
DA:290,0
DA:291,0
DA:292,0
DA:293,0
DA:294,0
DA:297,0
DA:298,0
DA:299,0
DA:300,0
DA:301,0
DA:302,0
DA:304,0
DA:305,0
DA:306,0
DA:307,0
DA:308,0
DA:310,0
DA:311,0
DA:313,0
DA:314,0
DA:315,0
DA:316,0
DA:317,0
DA:318,0
DA:319,0
DA:320,0
DA:322,0
DA:323,0
DA:324,0
DA:325,0
DA:326,0
DA:327,0
DA:328,0
DA:329,0
DA:330,0
DA:331,0
DA:332,0
DA:333,0
DA:334,0
DA:335,0
DA:336,0
DA:337,0
DA:338,0
DA:339,0
DA:340,0
DA:341,0
DA:342,0
DA:343,0
DA:344,0
DA:345,0
DA:346,0
DA:347,0
DA:348,0
DA:349,0
DA:350,0
DA:353,0
DA:354,0
DA:355,0
DA:356,0
DA:357,0
DA:358,0
DA:359,0
DA:360,0
DA:361,0
DA:362,0
DA:364,0
DA:365,0
DA:366,0
DA:367,0
DA:368,0
DA:369,0
DA:370,0
DA:371,0
DA:372,0
DA:373,0
DA:376,0
DA:377,0
DA:378,0
DA:379,0
DA:380,0
DA:381,0
DA:382,0
DA:383,0
DA:384,0
DA:387,0
DA:388,0
DA:389,0
DA:390,0
DA:391,0
DA:392,0
DA:395,0
DA:396,0
DA:397,0
LF:326
LH:99
BRDA:30,0,0,0
BRDA:30,0,1,0
BRDA:35,0,0,0
BRDA:36,0,1,0
BRDA:37,0,2,0
BRDA:54,0,0,0
BRDA:54,0,1,1
BRDA:58,0,0,1
BRDA:58,0,1,1
BRDA:74,0,0,1
BRDA:74,0,1,1
BRDA:76,0,0,0
BRDA:76,0,1,0
BRDA:86,0,0,0
BRDA:86,0,1,1
BRDA:88,0,0,0
BRDA:88,0,1,0
BRDA:95,0,0,0
BRDA:95,0,1,1
BRDA:99,0,0,0
BRDA:99,0,1,1
BRDA:112,0,0,0
BRDA:112,0,1,1
BRDA:123,0,0,1
BRDA:123,0,1,1
BRDA:136,0,0,1
BRDA:136,0,1,1
BRDA:141,0,0,0
BRDA:141,0,1,1
BRDA:161,0,0,0
BRDA:161,0,1,1
BRDA:163,0,0,1
BRDA:163,0,1,1
BRDA:175,0,0,0
BRDA:175,0,1,0
BRDA:181,0,0,0
BRDA:181,0,1,1
BRDA:193,0,0,0
BRDA:193,0,1,0
BRDA:206,0,0,0
BRDA:209,0,1,0
BRDA:210,0,0,0
BRDA:210,0,1,0
BRDA:216,0,2,0
BRDA:221,0,0,0
BRDA:221,0,1,0
BRDA:234,0,0,0
BRDA:234,0,1,0
BRDA:239,0,0,0
BRDA:239,0,1,0
BRDA:245,0,0,0
BRDA:245,0,1,0
BRDA:258,0,0,1
BRDA:258,0,1,1
BRDA:290,0,0,0
BRDA:290,0,1,0
BRDA:305,0,0,0
BRDA:305,0,1,0
BRDA:315,0,0,0
BRDA:315,0,1,0
BRDA:317,0,0,0
BRDA:317,0,1,0
BRDA:323,0,0,0
BRDA:323,0,1,0
BRDA:331,0,0,0
BRDA:331,0,1,0
BRDA:364,0,0,0
BRDA:364,0,1,0
BRDA:376,0,0,0
BRDA:376,0,1,0
BRDA:388,0,0,0
BRDA:388,0,1,0
BRDA:389,0,0,0
BRDA:389,0,1,0
BRF:74
BRH:20
end_of_record
TN:
SF:/home/alan/ap-devices-and-pcs/devices/setup-usb-boot-keys/Ventoy/lib/lib_hardware_detect.sh
DA:9,0
DA:10,0
DA:12,0
DA:13,0
DA:14,0
DA:15,0
DA:16,0
DA:17,0
DA:18,0
DA:19,0
DA:20,0
DA:22,0
DA:23,0
DA:24,0
DA:25,0
DA:26,0
DA:27,0
DA:28,0
DA:31,0
DA:32,0
DA:33,0
DA:35,0
DA:37,0
DA:38,0
DA:40,0
DA:41,0
DA:42,0
DA:43,0
DA:45,0
DA:46,0
DA:47,0
DA:48,0
DA:50,0
DA:51,0
DA:52,0
DA:53,0
DA:54,0
DA:55,0
DA:56,0
DA:57,0
DA:58,0
DA:59,0
DA:60,0
DA:61,0
DA:62,0
DA:63,0
DA:64,0
DA:65,0
DA:66,0
DA:67,0
DA:68,0
DA:69,0
DA:71,0
DA:72,0
DA:73,0
DA:74,0
DA:77,0
DA:78,0
DA:79,0
DA:81,0
DA:82,0
DA:84,0
DA:85,0
DA:86,0
DA:87,0
DA:89,0
DA:90,0
DA:91,0
DA:92,0
DA:95,0
DA:96,1
DA:97,1
DA:98,1
DA:99,1
DA:100,1
DA:101,1
DA:102,1
DA:103,0
DA:104,0
DA:105,0
DA:106,0
DA:107,0
DA:108,0
DA:109,0
LF:84
LH:7
BRDA:14,0,0,0
BRDA:14,0,1,0
BRDA:16,0,0,0
BRDA:16,0,1,0
BRDA:22,0,0,0
BRDA:22,0,1,0
BRDA:35,0,0,0
BRDA:35,0,1,0
BRDA:40,0,0,0
BRDA:40,0,1,0
BRDA:51,0,0,0
BRDA:57,0,1,0
BRDA:63,0,2,0
BRDA:84,0,0,0
BRDA:84,0,1,0
BRDA:98,0,0,1
BRDA:98,0,1,1
BRDA:100,0,0,1
BRDA:100,0,1,1
BRF:19
BRH:4
end_of_record
